<?xml version="1.0" encoding="UTF-8"?>
<!-- Generated by org.testng.reporters.JUnitReportReporter -->
<testsuite hostname="DESKTOP-BQP1HFR" failures="0" tests="32" name="homepagetest.HomePageTest" time="9.708" errors="2" timestamp="2021-04-08T00:56:32 EDT" skipped="30">
  <testcase classname="homepagetest.HomePageTest" name="testDSLRCamera" time="4.023">
    <skipped/>
  </testcase> <!-- testDSLRCamera -->
  <system-out/>
  <testcase classname="homepagetest.HomePageTest" name="testKindleBooksUnder$2Deals" time="0.000">
    <skipped/>
  </testcase> <!-- testKindleBooksUnder$2Deals -->
  <system-out/>
  <testcase classname="homepagetest.HomePageTest" name="testDSLRCameras" time="0.000">
    <skipped/>
  </testcase> <!-- testDSLRCameras -->
  <system-out/>
  <testcase classname="homepagetest.HomePageTest" name="testDigitalMegazines" time="0.000">
    <skipped/>
  </testcase> <!-- testDigitalMegazines -->
  <system-out/>
  <testcase classname="homepagetest.HomePageTest" name="testLanguages" time="0.000">
    <skipped/>
  </testcase> <!-- testLanguages -->
  <system-out/>
  <testcase classname="homepagetest.HomePageTest" name="testAutomotiveLink" time="0.002">
    <skipped/>
  </testcase> <!-- testAutomotiveLink -->
  <system-out/>
  <testcase classname="homepagetest.HomePageTest" name="testKindleMonthlyDeals" time="0.000">
    <skipped/>
  </testcase> <!-- testKindleMonthlyDeals -->
  <system-out/>
  <testcase classname="homepagetest.HomePageTest" name="testAutomotiveLinks" time="0.642">
    <skipped/>
  </testcase> <!-- testAutomotiveLinks -->
  <system-out/>
  <testcase classname="homepagetest.HomePageTest" name="testKindleDailyDeals" time="0.000">
    <skipped/>
  </testcase> <!-- testKindleDailyDeals -->
  <system-out/>
  <testcase classname="homepagetest.HomePageTest" name="testFragranceLink" time="0.000">
    <skipped/>
  </testcase> <!-- testFragranceLink -->
  <system-out/>
  <testcase classname="homepagetest.HomePageTest" name="textSkinCareLink1" time="0.000">
    <skipped/>
  </testcase> <!-- textSkinCareLink1 -->
  <system-out/>
  <testcase classname="homepagetest.HomePageTest" name="testAutomotivePartsLink" time="0.001">
    <skipped/>
  </testcase> <!-- testAutomotivePartsLink -->
  <system-out/>
  <testcase classname="homepagetest.HomePageTest" name="testKindleExclusiveDeals" time="0.000">
    <skipped/>
  </testcase> <!-- testKindleExclusiveDeals -->
  <system-out/>
  <testcase classname="homepagetest.HomePageTest" name="testCameraAndPhoto" time="0.000">
    <skipped/>
  </testcase> <!-- testCameraAndPhoto -->
  <system-out/>
  <testcase classname="homepagetest.HomePageTest" name="testYourGarageLink" time="0.002">
    <skipped/>
  </testcase> <!-- testYourGarageLink -->
  <system-out/>
  <testcase classname="homepagetest.HomePageTest" name="testKindleEBooks" time="0.000">
    <skipped/>
  </testcase> <!-- testKindleEBooks -->
  <system-out/>
  <testcase classname="homepagetest.HomePageTest" name="testKindleBooks" time="0.000">
    <skipped/>
  </testcase> <!-- testKindleBooks -->
  <system-out/>
  <testcase classname="homepagetest.HomePageTest" name="testGiftSetLink" time="0.001">
    <skipped/>
  </testcase> <!-- testGiftSetLink -->
  <system-out/>
  <testcase classname="homepagetest.HomePageTest" name="testBestSellers" time="0.001">
    <skipped/>
  </testcase> <!-- testBestSellers -->
  <system-out/>
  <testcase classname="homepagetest.HomePageTest" name="testRadioButton" time="0.001">
    <skipped/>
  </testcase> <!-- testRadioButton -->
  <system-out/>
  <testcase classname="homepagetest.HomePageTest" name="testKindleBooksUnder$2Deal" time="0.000">
    <skipped/>
  </testcase> <!-- testKindleBooksUnder$2Deal -->
  <system-out/>
  <testcase classname="homepagetest.HomePageTest" name="testExcelRead" time="0.000">
    <skipped/>
  </testcase> <!-- testExcelRead -->
  <system-out/>
  <testcase classname="homepagetest.HomePageTest" name="testSearchBox1" time="0.000">
    <skipped/>
  </testcase> <!-- testSearchBox1 -->
  <system-out/>
  <testcase classname="homepagetest.HomePageTest" name="testBeautyAndPersonalCare" time="0.000">
    <skipped/>
  </testcase> <!-- testBeautyAndPersonalCare -->
  <system-out/>
  <testcase classname="homepagetest.HomePageTest" name="testMakeupLink" time="0.000">
    <skipped/>
  </testcase> <!-- testMakeupLink -->
  <system-out/>
  <testcase classname="homepagetest.HomePageTest" name="testRefreshPage" time="0.000">
    <skipped/>
  </testcase> <!-- testRefreshPage -->
  <system-out/>
  <testcase classname="homepagetest.HomePageTest" name="afterEachTestMethod" time="0.463">
    <error message="no such window: target window already closed
from unknown error: web view not found
  (Session info: chrome=89.0.4389.114)
Build info: version: &#039;3.141.59&#039;, revision: &#039;e82be7d358&#039;, time: &#039;2018-11-14T08:17:03&#039;
System info: host: &#039;DESKTOP-BQP1HFR&#039;, ip: &#039;192.168.190.1&#039;, os.name: &#039;Windows 10&#039;, os.arch: &#039;amd64&#039;, os.version: &#039;10.0&#039;, java.version: &#039;11.0.9&#039;
Driver info: org.openqa.selenium.chrome.ChromeDriver
Capabilities {acceptInsecureCerts: false, browserName: chrome, browserVersion: 89.0.4389.114, chrome: {chromedriverVersion: 89.0.4389.23 (61b08ee2c5002..., userDataDir: C:\Users\farha\AppData\Loca...}, goog:chromeOptions: {debuggerAddress: localhost:65400}, javascriptEnabled: true, networkConnectionEnabled: false, pageLoadStrategy: normal, platform: WINDOWS, platformName: WINDOWS, proxy: Proxy(), setWindowRect: true, strictFileInteractability: false, timeouts: {implicit: 0, pageLoad: 300000, script: 30000}, unhandledPromptBehavior: dismiss and notify, webauthn:extension:largeBlob: true, webauthn:virtualAuthenticators: true}
Session ID: f732f5b3b265705af1bf73a4e9fbfb03" type="org.openqa.selenium.NoSuchWindowException">
      <![CDATA[org.openqa.selenium.NoSuchWindowException: no such window: target window already closed
from unknown error: web view not found
  (Session info: chrome=89.0.4389.114)
Build info: version: '3.141.59', revision: 'e82be7d358', time: '2018-11-14T08:17:03'
System info: host: 'DESKTOP-BQP1HFR', ip: '192.168.190.1', os.name: 'Windows 10', os.arch: 'amd64', os.version: '10.0', java.version: '11.0.9'
Driver info: org.openqa.selenium.chrome.ChromeDriver
Capabilities {acceptInsecureCerts: false, browserName: chrome, browserVersion: 89.0.4389.114, chrome: {chromedriverVersion: 89.0.4389.23 (61b08ee2c5002..., userDataDir: C:\Users\farha\AppData\Loca...}, goog:chromeOptions: {debuggerAddress: localhost:65400}, javascriptEnabled: true, networkConnectionEnabled: false, pageLoadStrategy: normal, platform: WINDOWS, platformName: WINDOWS, proxy: Proxy(), setWindowRect: true, strictFileInteractability: false, timeouts: {implicit: 0, pageLoad: 300000, script: 30000}, unhandledPromptBehavior: dismiss and notify, webauthn:extension:largeBlob: true, webauthn:virtualAuthenticators: true}
Session ID: f732f5b3b265705af1bf73a4e9fbfb03
at java.base/jdk.internal.reflect.NativeConstructorAccessorImpl.newInstance0(Native Method)
at java.base/jdk.internal.reflect.NativeConstructorAccessorImpl.newInstance(NativeConstructorAccessorImpl.java:62)
at java.base/jdk.internal.reflect.DelegatingConstructorAccessorImpl.newInstance(DelegatingConstructorAccessorImpl.java:45)
at java.base/java.lang.reflect.Constructor.newInstance(Constructor.java:490)
at org.openqa.selenium.remote.http.W3CHttpResponseCodec.createException(W3CHttpResponseCodec.java:187)
at org.openqa.selenium.remote.http.W3CHttpResponseCodec.decode(W3CHttpResponseCodec.java:122)
at org.openqa.selenium.remote.http.W3CHttpResponseCodec.decode(W3CHttpResponseCodec.java:49)
at org.openqa.selenium.remote.HttpCommandExecutor.execute(HttpCommandExecutor.java:158)
at org.openqa.selenium.remote.service.DriverCommandExecutor.execute(DriverCommandExecutor.java:83)
at org.openqa.selenium.remote.RemoteWebDriver.execute(RemoteWebDriver.java:552)
at org.openqa.selenium.remote.RemoteWebDriver.execute(RemoteWebDriver.java:609)
at org.openqa.selenium.remote.RemoteWebDriver.getScreenshotAs(RemoteWebDriver.java:295)
at common.WebAPI.captureScreenshot(WebAPI.java:103)
at common.WebAPI.afterEachTestMethod(WebAPI.java:82)
at java.base/jdk.internal.reflect.NativeMethodAccessorImpl.invoke0(Native Method)
at java.base/jdk.internal.reflect.NativeMethodAccessorImpl.invoke(NativeMethodAccessorImpl.java:62)
at java.base/jdk.internal.reflect.DelegatingMethodAccessorImpl.invoke(DelegatingMethodAccessorImpl.java:43)
at java.base/java.lang.reflect.Method.invoke(Method.java:566)
at org.testng.internal.MethodInvocationHelper.invokeMethod(MethodInvocationHelper.java:134)
at org.testng.internal.MethodInvocationHelper.invokeMethodConsideringTimeout(MethodInvocationHelper.java:63)
at org.testng.internal.ConfigInvoker.invokeConfigurationMethod(ConfigInvoker.java:348)
at org.testng.internal.ConfigInvoker.invokeConfigurations(ConfigInvoker.java:302)
at org.testng.internal.TestInvoker.runConfigMethods(TestInvoker.java:695)
at org.testng.internal.TestInvoker.runAfterGroupsConfigurations(TestInvoker.java:671)
at org.testng.internal.TestInvoker.invokeMethod(TestInvoker.java:655)
at org.testng.internal.TestInvoker.invokeTestMethod(TestInvoker.java:173)
at org.testng.internal.MethodRunner.runInSequence(MethodRunner.java:46)
at org.testng.internal.TestInvoker$MethodInvocationAgent.invoke(TestInvoker.java:816)
at org.testng.internal.TestInvoker.invokeTestMethods(TestInvoker.java:146)
at org.testng.internal.TestMethodWorker.invokeTestMethods(TestMethodWorker.java:146)
at org.testng.internal.TestMethodWorker.run(TestMethodWorker.java:128)
at java.base/java.util.ArrayList.forEach(ArrayList.java:1541)
at org.testng.TestRunner.privateRun(TestRunner.java:766)
at org.testng.TestRunner.run(TestRunner.java:587)
at org.testng.SuiteRunner.runTest(SuiteRunner.java:384)
at org.testng.SuiteRunner.runSequentially(SuiteRunner.java:378)
at org.testng.SuiteRunner.privateRun(SuiteRunner.java:337)
at org.testng.SuiteRunner.run(SuiteRunner.java:286)
at org.testng.SuiteRunnerWorker.runSuite(SuiteRunnerWorker.java:53)
at org.testng.SuiteRunnerWorker.run(SuiteRunnerWorker.java:96)
at org.testng.TestNG.runSuitesSequentially(TestNG.java:1187)
at org.testng.TestNG.runSuitesLocally(TestNG.java:1109)
at org.testng.TestNG.runSuites(TestNG.java:1039)
at org.testng.TestNG.run(TestNG.java:1007)
at org.apache.maven.surefire.testng.TestNGExecutor.run(TestNGExecutor.java:284)
at org.apache.maven.surefire.testng.TestNGXmlTestSuite.execute(TestNGXmlTestSuite.java:75)
at org.apache.maven.surefire.testng.TestNGProvider.invoke(TestNGProvider.java:119)
at org.apache.maven.surefire.booter.ForkedBooter.runSuitesInProcess(ForkedBooter.java:428)
at org.apache.maven.surefire.booter.ForkedBooter.execute(ForkedBooter.java:162)
at org.apache.maven.surefire.booter.ForkedBooter.run(ForkedBooter.java:562)
at org.apache.maven.surefire.booter.ForkedBooter.main(ForkedBooter.java:548)
]]>
    </error>
  </testcase> <!-- afterEachTestMethod -->
  <system-out/>
  <testcase classname="homepagetest.HomePageTest" name="testSearchBox" time="0.000">
    <skipped/>
  </testcase> <!-- testSearchBox -->
  <system-out/>
  <testcase classname="homepagetest.HomePageTest" name="textMakeupSetsLink" time="0.000">
    <skipped/>
  </testcase> <!-- textMakeupSetsLink -->
  <system-out/>
  <testcase classname="homepagetest.HomePageTest" name="textSkinCareLink" time="0.000">
    <skipped/>
  </testcase> <!-- textSkinCareLink -->
  <system-out/>
  <testcase classname="homepagetest.HomePageTest" name="testFaceMakeupLink" time="0.000">
    <skipped/>
  </testcase> <!-- testFaceMakeupLink -->
  <system-out/>
  <testcase classname="homepagetest.HomePageTest" name="testAppliancesLink" time="4.572">
    <error message="no such window: target window already closed
from unknown error: web view not found
  (Session info: chrome=89.0.4389.114)
Build info: version: &#039;3.141.59&#039;, revision: &#039;e82be7d358&#039;, time: &#039;2018-11-14T08:17:03&#039;
System info: host: &#039;DESKTOP-BQP1HFR&#039;, ip: &#039;192.168.190.1&#039;, os.name: &#039;Windows 10&#039;, os.arch: &#039;amd64&#039;, os.version: &#039;10.0&#039;, java.version: &#039;11.0.9&#039;
Driver info: org.openqa.selenium.chrome.ChromeDriver
Capabilities {acceptInsecureCerts: false, browserName: chrome, browserVersion: 89.0.4389.114, chrome: {chromedriverVersion: 89.0.4389.23 (61b08ee2c5002..., userDataDir: C:\Users\farha\AppData\Loca...}, goog:chromeOptions: {debuggerAddress: localhost:65400}, javascriptEnabled: true, networkConnectionEnabled: false, pageLoadStrategy: normal, platform: WINDOWS, platformName: WINDOWS, proxy: Proxy(), setWindowRect: true, strictFileInteractability: false, timeouts: {implicit: 0, pageLoad: 300000, script: 30000}, unhandledPromptBehavior: dismiss and notify, webauthn:extension:largeBlob: true, webauthn:virtualAuthenticators: true}
Session ID: f732f5b3b265705af1bf73a4e9fbfb03
*** Element info: {Using=xpath, value=//*[@id=&quot;nav-xshop&quot;]/a[1]}" type="org.openqa.selenium.NoSuchWindowException">
      <![CDATA[org.openqa.selenium.NoSuchWindowException: no such window: target window already closed
from unknown error: web view not found
  (Session info: chrome=89.0.4389.114)
Build info: version: '3.141.59', revision: 'e82be7d358', time: '2018-11-14T08:17:03'
System info: host: 'DESKTOP-BQP1HFR', ip: '192.168.190.1', os.name: 'Windows 10', os.arch: 'amd64', os.version: '10.0', java.version: '11.0.9'
Driver info: org.openqa.selenium.chrome.ChromeDriver
Capabilities {acceptInsecureCerts: false, browserName: chrome, browserVersion: 89.0.4389.114, chrome: {chromedriverVersion: 89.0.4389.23 (61b08ee2c5002..., userDataDir: C:\Users\farha\AppData\Loca...}, goog:chromeOptions: {debuggerAddress: localhost:65400}, javascriptEnabled: true, networkConnectionEnabled: false, pageLoadStrategy: normal, platform: WINDOWS, platformName: WINDOWS, proxy: Proxy(), setWindowRect: true, strictFileInteractability: false, timeouts: {implicit: 0, pageLoad: 300000, script: 30000}, unhandledPromptBehavior: dismiss and notify, webauthn:extension:largeBlob: true, webauthn:virtualAuthenticators: true}
Session ID: f732f5b3b265705af1bf73a4e9fbfb03
*** Element info: {Using=xpath, value=//*[@id="nav-xshop"]/a[1]}
at java.base/jdk.internal.reflect.NativeConstructorAccessorImpl.newInstance0(Native Method)
at java.base/jdk.internal.reflect.NativeConstructorAccessorImpl.newInstance(NativeConstructorAccessorImpl.java:62)
at java.base/jdk.internal.reflect.DelegatingConstructorAccessorImpl.newInstance(DelegatingConstructorAccessorImpl.java:45)
at java.base/java.lang.reflect.Constructor.newInstance(Constructor.java:490)
at org.openqa.selenium.remote.http.W3CHttpResponseCodec.createException(W3CHttpResponseCodec.java:187)
at org.openqa.selenium.remote.http.W3CHttpResponseCodec.decode(W3CHttpResponseCodec.java:122)
at org.openqa.selenium.remote.http.W3CHttpResponseCodec.decode(W3CHttpResponseCodec.java:49)
at org.openqa.selenium.remote.HttpCommandExecutor.execute(HttpCommandExecutor.java:158)
at org.openqa.selenium.remote.service.DriverCommandExecutor.execute(DriverCommandExecutor.java:83)
at org.openqa.selenium.remote.RemoteWebDriver.execute(RemoteWebDriver.java:552)
at org.openqa.selenium.remote.RemoteWebDriver.findElement(RemoteWebDriver.java:323)
at org.openqa.selenium.remote.RemoteWebDriver.findElementByXPath(RemoteWebDriver.java:428)
at org.openqa.selenium.By$ByXPath.findElement(By.java:353)
at org.openqa.selenium.remote.RemoteWebDriver.findElement(RemoteWebDriver.java:315)
at common.WebAPI.clickOnElement(WebAPI.java:229)
at homepage.HomePage.checkBestSellers(HomePage.java:85)
at homepage.HomePage.checkAppliancesLink(HomePage.java:102)
at homepagetest.HomePageTest.testAppliancesLink(HomePageTest.java:93)
at java.base/jdk.internal.reflect.NativeMethodAccessorImpl.invoke0(Native Method)
at java.base/jdk.internal.reflect.NativeMethodAccessorImpl.invoke(NativeMethodAccessorImpl.java:62)
at java.base/jdk.internal.reflect.DelegatingMethodAccessorImpl.invoke(DelegatingMethodAccessorImpl.java:43)
at java.base/java.lang.reflect.Method.invoke(Method.java:566)
at org.testng.internal.MethodInvocationHelper.invokeMethod(MethodInvocationHelper.java:134)
at org.testng.internal.TestInvoker.invokeMethod(TestInvoker.java:597)
at org.testng.internal.TestInvoker.invokeTestMethod(TestInvoker.java:173)
at org.testng.internal.MethodRunner.runInSequence(MethodRunner.java:46)
at org.testng.internal.TestInvoker$MethodInvocationAgent.invoke(TestInvoker.java:816)
at org.testng.internal.TestInvoker.invokeTestMethods(TestInvoker.java:146)
at org.testng.internal.TestMethodWorker.invokeTestMethods(TestMethodWorker.java:146)
at org.testng.internal.TestMethodWorker.run(TestMethodWorker.java:128)
at java.base/java.util.ArrayList.forEach(ArrayList.java:1541)
at org.testng.TestRunner.privateRun(TestRunner.java:766)
at org.testng.TestRunner.run(TestRunner.java:587)
at org.testng.SuiteRunner.runTest(SuiteRunner.java:384)
at org.testng.SuiteRunner.runSequentially(SuiteRunner.java:378)
at org.testng.SuiteRunner.privateRun(SuiteRunner.java:337)
at org.testng.SuiteRunner.run(SuiteRunner.java:286)
at org.testng.SuiteRunnerWorker.runSuite(SuiteRunnerWorker.java:53)
at org.testng.SuiteRunnerWorker.run(SuiteRunnerWorker.java:96)
at org.testng.TestNG.runSuitesSequentially(TestNG.java:1187)
at org.testng.TestNG.runSuitesLocally(TestNG.java:1109)
at org.testng.TestNG.runSuites(TestNG.java:1039)
at org.testng.TestNG.run(TestNG.java:1007)
at org.apache.maven.surefire.testng.TestNGExecutor.run(TestNGExecutor.java:284)
at org.apache.maven.surefire.testng.TestNGXmlTestSuite.execute(TestNGXmlTestSuite.java:75)
at org.apache.maven.surefire.testng.TestNGProvider.invoke(TestNGProvider.java:119)
at org.apache.maven.surefire.booter.ForkedBooter.runSuitesInProcess(ForkedBooter.java:428)
at org.apache.maven.surefire.booter.ForkedBooter.execute(ForkedBooter.java:162)
at org.apache.maven.surefire.booter.ForkedBooter.run(ForkedBooter.java:562)
at org.apache.maven.surefire.booter.ForkedBooter.main(ForkedBooter.java:548)
]]>
    </error>
  </testcase> <!-- testAppliancesLink -->
  <system-out/>
</testsuite> <!-- homepagetest.HomePageTest -->
