<?xml version="1.0" encoding="UTF-8"?>
<!-- Generated by org.testng.reporters.JUnitXMLReporter -->
<testsuite ignored="0" hostname="DESKTOP-BQP1HFR" failures="1" tests="31" name="Amazon Automation Test Script Chrome" time="9.823" errors="0" timestamp="2021-04-08T00:56:32 EDT">
  <testcase classname="common.WebAPI" name="@AfterMethod afterEachTestMethod" time="0.463">
    <failure type="org.openqa.selenium.NoSuchWindowException" message="no such window: target window already closed
from unknown error: web view not found
  (Session info: chrome=89.0.4389.114)
Build info: version: &amp;apos;3.141.59&amp;apos;, revision: &amp;apos;e82be7d358&amp;apos;, time: &amp;apos;2018-11-14T08:17:03&amp;apos;
System info: host: &amp;apos;DESKTOP-BQP1HFR&amp;apos;, ip: &amp;apos;192.168.190.1&amp;apos;, os.name: &amp;apos;Windows 10&amp;apos;, os.arch: &amp;apos;amd64&amp;apos;, os.version: &amp;apos;10.0&amp;apos;, java.version: &amp;apos;11.0.9&amp;apos;
Driver info: org.openqa.selenium.chrome.ChromeDriver
Capabilities {acceptInsecureCerts: false, browserName: chrome, browserVersion: 89.0.4389.114, chrome: {chromedriverVersion: 89.0.4389.23 (61b08ee2c5002..., userDataDir: C:\Users\farha\AppData\Loca...}, goog:chromeOptions: {debuggerAddress: localhost:65400}, javascriptEnabled: true, networkConnectionEnabled: false, pageLoadStrategy: normal, platform: WINDOWS, platformName: WINDOWS, proxy: Proxy(), setWindowRect: true, strictFileInteractability: false, timeouts: {implicit: 0, pageLoad: 300000, script: 30000}, unhandledPromptBehavior: dismiss and notify, webauthn:extension:largeBlob: true, webauthn:virtualAuthenticators: true}
Session ID: f732f5b3b265705af1bf73a4e9fbfb03">
      <![CDATA[org.openqa.selenium.NoSuchWindowException: no such window: target window already closed
from unknown error: web view not found
  (Session info: chrome=89.0.4389.114)
Build info: version: '3.141.59', revision: 'e82be7d358', time: '2018-11-14T08:17:03'
System info: host: 'DESKTOP-BQP1HFR', ip: '192.168.190.1', os.name: 'Windows 10', os.arch: 'amd64', os.version: '10.0', java.version: '11.0.9'
Driver info: org.openqa.selenium.chrome.ChromeDriver
Capabilities {acceptInsecureCerts: false, browserName: chrome, browserVersion: 89.0.4389.114, chrome: {chromedriverVersion: 89.0.4389.23 (61b08ee2c5002..., userDataDir: C:\Users\farha\AppData\Loca...}, goog:chromeOptions: {debuggerAddress: localhost:65400}, javascriptEnabled: true, networkConnectionEnabled: false, pageLoadStrategy: normal, platform: WINDOWS, platformName: WINDOWS, proxy: Proxy(), setWindowRect: true, strictFileInteractability: false, timeouts: {implicit: 0, pageLoad: 300000, script: 30000}, unhandledPromptBehavior: dismiss and notify, webauthn:extension:largeBlob: true, webauthn:virtualAuthenticators: true}
Session ID: f732f5b3b265705af1bf73a4e9fbfb03
at org.openqa.selenium.remote.http.W3CHttpResponseCodec.createException(W3CHttpResponseCodec.java:187)
at org.openqa.selenium.remote.http.W3CHttpResponseCodec.decode(W3CHttpResponseCodec.java:122)
at org.openqa.selenium.remote.http.W3CHttpResponseCodec.decode(W3CHttpResponseCodec.java:49)
at org.openqa.selenium.remote.HttpCommandExecutor.execute(HttpCommandExecutor.java:158)
at org.openqa.selenium.remote.service.DriverCommandExecutor.execute(DriverCommandExecutor.java:83)
at org.openqa.selenium.remote.RemoteWebDriver.execute(RemoteWebDriver.java:552)
at org.openqa.selenium.remote.RemoteWebDriver.execute(RemoteWebDriver.java:609)
at org.openqa.selenium.remote.RemoteWebDriver.getScreenshotAs(RemoteWebDriver.java:295)
at common.WebAPI.captureScreenshot(WebAPI.java:103)
at common.WebAPI.afterEachTestMethod(WebAPI.java:82)
at java.base/java.util.ArrayList.forEach(ArrayList.java:1541)
... Removed 40 stack frames]]>
    </failure>
  </testcase> <!-- @AfterMethod afterEachTestMethod -->
  <testcase classname="common.WebAPI" name="@BeforeMethod setUp" time="-1.617857792629E9">
    <skipped/>
  </testcase> <!-- @BeforeMethod setUp -->
  <testcase classname="common.WebAPI" name="@BeforeMethod startExtent" time="-1.61785779263E9">
    <skipped/>
  </testcase> <!-- @BeforeMethod startExtent -->
  <testcase classname="homepagetest.HomePageTest" name="@BeforeMethod getInit" time="-1.61785779263E9">
    <skipped/>
  </testcase> <!-- @BeforeMethod getInit -->
  <testcase classname="common.WebAPI" name="@AfterMethod afterEachTestMethod" time="-1.617857792633E9">
    <skipped/>
  </testcase> <!-- @AfterMethod afterEachTestMethod -->
  <testcase classname="common.WebAPI" name="@BeforeMethod setUp" time="-1.617857792635E9">
    <skipped/>
  </testcase> <!-- @BeforeMethod setUp -->
  <testcase classname="common.WebAPI" name="@BeforeMethod startExtent" time="-1.617857792636E9">
    <skipped/>
  </testcase> <!-- @BeforeMethod startExtent -->
  <testcase classname="homepagetest.HomePageTest" name="@BeforeMethod getInit" time="-1.617857792636E9">
    <skipped/>
  </testcase> <!-- @BeforeMethod getInit -->
  <testcase classname="common.WebAPI" name="@AfterMethod afterEachTestMethod" time="-1.617857792637E9">
    <skipped/>
  </testcase> <!-- @AfterMethod afterEachTestMethod -->
  <testcase classname="common.WebAPI" name="@BeforeMethod setUp" time="-1.617857792637E9">
    <skipped/>
  </testcase> <!-- @BeforeMethod setUp -->
  <testcase classname="common.WebAPI" name="@BeforeMethod startExtent" time="-1.617857792638E9">
    <skipped/>
  </testcase> <!-- @BeforeMethod startExtent -->
  <testcase classname="homepagetest.HomePageTest" name="@BeforeMethod getInit" time="-1.617857792638E9">
    <skipped/>
  </testcase> <!-- @BeforeMethod getInit -->
  <testcase classname="common.WebAPI" name="@AfterMethod afterEachTestMethod" time="-1.617857792639E9">
    <skipped/>
  </testcase> <!-- @AfterMethod afterEachTestMethod -->
  <testcase classname="common.WebAPI" name="@BeforeMethod setUp" time="-1.61785779264E9">
    <skipped/>
  </testcase> <!-- @BeforeMethod setUp -->
  <testcase classname="common.WebAPI" name="@BeforeMethod startExtent" time="-1.61785779264E9">
    <skipped/>
  </testcase> <!-- @BeforeMethod startExtent -->
  <testcase classname="homepagetest.HomePageTest" name="@BeforeMethod getInit" time="-1.61785779264E9">
    <skipped/>
  </testcase> <!-- @BeforeMethod getInit -->
  <testcase classname="common.WebAPI" name="@AfterMethod afterEachTestMethod" time="-1.617857792642E9">
    <skipped/>
  </testcase> <!-- @AfterMethod afterEachTestMethod -->
  <testcase classname="common.WebAPI" name="@BeforeMethod setUp" time="-1.617857792643E9">
    <skipped/>
  </testcase> <!-- @BeforeMethod setUp -->
  <testcase classname="common.WebAPI" name="@BeforeMethod startExtent" time="-1.617857792644E9">
    <skipped/>
  </testcase> <!-- @BeforeMethod startExtent -->
  <testcase classname="homepagetest.HomePageTest" name="@BeforeMethod getInit" time="-1.617857792644E9">
    <skipped/>
  </testcase> <!-- @BeforeMethod getInit -->
  <testcase classname="common.WebAPI" name="@AfterMethod afterEachTestMethod" time="-1.617857792644E9">
    <skipped/>
  </testcase> <!-- @AfterMethod afterEachTestMethod -->
  <testcase classname="common.WebAPI" name="@BeforeMethod setUp" time="-1.617857792646E9">
    <skipped/>
  </testcase> <!-- @BeforeMethod setUp -->
  <testcase classname="common.WebAPI" name="@BeforeMethod startExtent" time="-1.617857792646E9">
    <skipped/>
  </testcase> <!-- @BeforeMethod startExtent -->
  <testcase classname="homepagetest.HomePageTest" name="@BeforeMethod getInit" time="-1.617857792646E9">
    <skipped/>
  </testcase> <!-- @BeforeMethod getInit -->
  <testcase classname="common.WebAPI" name="@AfterMethod afterEachTestMethod" time="-1.617857792646E9">
    <skipped/>
  </testcase> <!-- @AfterMethod afterEachTestMethod -->
  <testcase classname="common.WebAPI" name="@BeforeMethod setUp" time="-1.617857792647E9">
    <skipped/>
  </testcase> <!-- @BeforeMethod setUp -->
  <testcase classname="common.WebAPI" name="@BeforeMethod startExtent" time="-1.617857792647E9">
    <skipped/>
  </testcase> <!-- @BeforeMethod startExtent -->
  <testcase classname="homepagetest.HomePageTest" name="@BeforeMethod getInit" time="-1.617857792647E9">
    <skipped/>
  </testcase> <!-- @BeforeMethod getInit -->
  <testcase classname="common.WebAPI" name="@AfterMethod afterEachTestMethod" time="-1.617857792649E9">
    <skipped/>
  </testcase> <!-- @AfterMethod afterEachTestMethod -->
  <testcase classname="common.WebAPI" name="@BeforeMethod setUp" time="-1.617857792651E9">
    <skipped/>
  </testcase> <!-- @BeforeMethod setUp -->
  <testcase classname="common.WebAPI" name="@BeforeMethod startExtent" time="-1.617857792651E9">
    <skipped/>
  </testcase> <!-- @BeforeMethod startExtent -->
  <testcase classname="homepagetest.HomePageTest" name="@BeforeMethod getInit" time="-1.617857792652E9">
    <skipped/>
  </testcase> <!-- @BeforeMethod getInit -->
  <testcase classname="common.WebAPI" name="@AfterMethod afterEachTestMethod" time="-1.617857792652E9">
    <skipped/>
  </testcase> <!-- @AfterMethod afterEachTestMethod -->
  <testcase classname="common.WebAPI" name="@BeforeMethod setUp" time="-1.617857792653E9">
    <skipped/>
  </testcase> <!-- @BeforeMethod setUp -->
  <testcase classname="common.WebAPI" name="@BeforeMethod startExtent" time="-1.617857792653E9">
    <skipped/>
  </testcase> <!-- @BeforeMethod startExtent -->
  <testcase classname="homepagetest.HomePageTest" name="@BeforeMethod getInit" time="-1.617857792653E9">
    <skipped/>
  </testcase> <!-- @BeforeMethod getInit -->
  <testcase classname="common.WebAPI" name="@AfterMethod afterEachTestMethod" time="-1.617857792654E9">
    <skipped/>
  </testcase> <!-- @AfterMethod afterEachTestMethod -->
  <testcase classname="common.WebAPI" name="@BeforeMethod setUp" time="-1.617857792655E9">
    <skipped/>
  </testcase> <!-- @BeforeMethod setUp -->
  <testcase classname="common.WebAPI" name="@BeforeMethod startExtent" time="-1.617857792655E9">
    <skipped/>
  </testcase> <!-- @BeforeMethod startExtent -->
  <testcase classname="homepagetest.HomePageTest" name="@BeforeMethod getInit" time="-1.617857792656E9">
    <skipped/>
  </testcase> <!-- @BeforeMethod getInit -->
  <testcase classname="common.WebAPI" name="@AfterMethod afterEachTestMethod" time="-1.617857792656E9">
    <skipped/>
  </testcase> <!-- @AfterMethod afterEachTestMethod -->
  <testcase classname="common.WebAPI" name="@BeforeMethod setUp" time="-1.617857792658E9">
    <skipped/>
  </testcase> <!-- @BeforeMethod setUp -->
  <testcase classname="common.WebAPI" name="@BeforeMethod startExtent" time="-1.617857792658E9">
    <skipped/>
  </testcase> <!-- @BeforeMethod startExtent -->
  <testcase classname="homepagetest.HomePageTest" name="@BeforeMethod getInit" time="-1.617857792658E9">
    <skipped/>
  </testcase> <!-- @BeforeMethod getInit -->
  <testcase classname="common.WebAPI" name="@AfterMethod afterEachTestMethod" time="-1.61785779266E9">
    <skipped/>
  </testcase> <!-- @AfterMethod afterEachTestMethod -->
  <testcase classname="common.WebAPI" name="@BeforeMethod setUp" time="-1.61785779266E9">
    <skipped/>
  </testcase> <!-- @BeforeMethod setUp -->
  <testcase classname="common.WebAPI" name="@BeforeMethod startExtent" time="-1.61785779266E9">
    <skipped/>
  </testcase> <!-- @BeforeMethod startExtent -->
  <testcase classname="homepagetest.HomePageTest" name="@BeforeMethod getInit" time="-1.617857792661E9">
    <skipped/>
  </testcase> <!-- @BeforeMethod getInit -->
  <testcase classname="common.WebAPI" name="@AfterMethod afterEachTestMethod" time="-1.617857792661E9">
    <skipped/>
  </testcase> <!-- @AfterMethod afterEachTestMethod -->
  <testcase classname="common.WebAPI" name="@BeforeMethod setUp" time="-1.617857792662E9">
    <skipped/>
  </testcase> <!-- @BeforeMethod setUp -->
  <testcase classname="common.WebAPI" name="@BeforeMethod startExtent" time="-1.617857792662E9">
    <skipped/>
  </testcase> <!-- @BeforeMethod startExtent -->
  <testcase classname="homepagetest.HomePageTest" name="@BeforeMethod getInit" time="-1.617857792662E9">
    <skipped/>
  </testcase> <!-- @BeforeMethod getInit -->
  <testcase classname="common.WebAPI" name="@AfterMethod afterEachTestMethod" time="-1.617857792663E9">
    <skipped/>
  </testcase> <!-- @AfterMethod afterEachTestMethod -->
  <testcase classname="common.WebAPI" name="@BeforeMethod setUp" time="-1.617857792665E9">
    <skipped/>
  </testcase> <!-- @BeforeMethod setUp -->
  <testcase classname="common.WebAPI" name="@BeforeMethod startExtent" time="-1.617857792665E9">
    <skipped/>
  </testcase> <!-- @BeforeMethod startExtent -->
  <testcase classname="homepagetest.HomePageTest" name="@BeforeMethod getInit" time="-1.617857792665E9">
    <skipped/>
  </testcase> <!-- @BeforeMethod getInit -->
  <testcase classname="common.WebAPI" name="@AfterMethod afterEachTestMethod" time="-1.617857792666E9">
    <skipped/>
  </testcase> <!-- @AfterMethod afterEachTestMethod -->
  <testcase classname="common.WebAPI" name="@BeforeMethod setUp" time="-1.617857792667E9">
    <skipped/>
  </testcase> <!-- @BeforeMethod setUp -->
  <testcase classname="common.WebAPI" name="@BeforeMethod startExtent" time="-1.617857792667E9">
    <skipped/>
  </testcase> <!-- @BeforeMethod startExtent -->
  <testcase classname="homepagetest.HomePageTest" name="@BeforeMethod getInit" time="-1.617857792668E9">
    <skipped/>
  </testcase> <!-- @BeforeMethod getInit -->
  <testcase classname="common.WebAPI" name="@AfterMethod afterEachTestMethod" time="-1.617857792669E9">
    <skipped/>
  </testcase> <!-- @AfterMethod afterEachTestMethod -->
  <testcase classname="common.WebAPI" name="@BeforeMethod setUp" time="-1.617857792671E9">
    <skipped/>
  </testcase> <!-- @BeforeMethod setUp -->
  <testcase classname="common.WebAPI" name="@BeforeMethod startExtent" time="-1.617857792671E9">
    <skipped/>
  </testcase> <!-- @BeforeMethod startExtent -->
  <testcase classname="homepagetest.HomePageTest" name="@BeforeMethod getInit" time="-1.617857792671E9">
    <skipped/>
  </testcase> <!-- @BeforeMethod getInit -->
  <testcase classname="common.WebAPI" name="@AfterMethod afterEachTestMethod" time="-1.617857792673E9">
    <skipped/>
  </testcase> <!-- @AfterMethod afterEachTestMethod -->
  <testcase classname="common.WebAPI" name="@BeforeMethod setUp" time="-1.617857792673E9">
    <skipped/>
  </testcase> <!-- @BeforeMethod setUp -->
  <testcase classname="common.WebAPI" name="@BeforeMethod startExtent" time="-1.617857792673E9">
    <skipped/>
  </testcase> <!-- @BeforeMethod startExtent -->
  <testcase classname="homepagetest.HomePageTest" name="@BeforeMethod getInit" time="-1.617857792673E9">
    <skipped/>
  </testcase> <!-- @BeforeMethod getInit -->
  <testcase classname="common.WebAPI" name="@AfterMethod afterEachTestMethod" time="-1.617857792675E9">
    <skipped/>
  </testcase> <!-- @AfterMethod afterEachTestMethod -->
  <testcase classname="common.WebAPI" name="@BeforeMethod setUp" time="-1.617857792677E9">
    <skipped/>
  </testcase> <!-- @BeforeMethod setUp -->
  <testcase classname="common.WebAPI" name="@BeforeMethod startExtent" time="-1.617857792677E9">
    <skipped/>
  </testcase> <!-- @BeforeMethod startExtent -->
  <testcase classname="homepagetest.HomePageTest" name="@BeforeMethod getInit" time="-1.617857792677E9">
    <skipped/>
  </testcase> <!-- @BeforeMethod getInit -->
  <testcase classname="common.WebAPI" name="@AfterMethod afterEachTestMethod" time="-1.617857792678E9">
    <skipped/>
  </testcase> <!-- @AfterMethod afterEachTestMethod -->
  <testcase classname="common.WebAPI" name="@BeforeMethod setUp" time="-1.61785779268E9">
    <skipped/>
  </testcase> <!-- @BeforeMethod setUp -->
  <testcase classname="common.WebAPI" name="@BeforeMethod startExtent" time="-1.61785779268E9">
    <skipped/>
  </testcase> <!-- @BeforeMethod startExtent -->
  <testcase classname="homepagetest.HomePageTest" name="@BeforeMethod getInit" time="-1.61785779268E9">
    <skipped/>
  </testcase> <!-- @BeforeMethod getInit -->
  <testcase classname="common.WebAPI" name="@AfterMethod afterEachTestMethod" time="-1.617857792682E9">
    <skipped/>
  </testcase> <!-- @AfterMethod afterEachTestMethod -->
  <testcase classname="common.WebAPI" name="@BeforeMethod setUp" time="-1.617857792683E9">
    <skipped/>
  </testcase> <!-- @BeforeMethod setUp -->
  <testcase classname="common.WebAPI" name="@BeforeMethod startExtent" time="-1.617857792683E9">
    <skipped/>
  </testcase> <!-- @BeforeMethod startExtent -->
  <testcase classname="homepagetest.HomePageTest" name="@BeforeMethod getInit" time="-1.617857792683E9">
    <skipped/>
  </testcase> <!-- @BeforeMethod getInit -->
  <testcase classname="common.WebAPI" name="@AfterMethod afterEachTestMethod" time="-1.617857792684E9">
    <skipped/>
  </testcase> <!-- @AfterMethod afterEachTestMethod -->
  <testcase classname="common.WebAPI" name="@BeforeMethod setUp" time="-1.617857792685E9">
    <skipped/>
  </testcase> <!-- @BeforeMethod setUp -->
  <testcase classname="common.WebAPI" name="@BeforeMethod startExtent" time="-1.617857792685E9">
    <skipped/>
  </testcase> <!-- @BeforeMethod startExtent -->
  <testcase classname="homepagetest.HomePageTest" name="@BeforeMethod getInit" time="-1.617857792685E9">
    <skipped/>
  </testcase> <!-- @BeforeMethod getInit -->
  <testcase classname="common.WebAPI" name="@AfterMethod afterEachTestMethod" time="-1.617857792687E9">
    <skipped/>
  </testcase> <!-- @AfterMethod afterEachTestMethod -->
  <testcase classname="common.WebAPI" name="@BeforeMethod setUp" time="-1.617857792687E9">
    <skipped/>
  </testcase> <!-- @BeforeMethod setUp -->
  <testcase classname="common.WebAPI" name="@BeforeMethod startExtent" time="-1.617857792688E9">
    <skipped/>
  </testcase> <!-- @BeforeMethod startExtent -->
  <testcase classname="homepagetest.HomePageTest" name="@BeforeMethod getInit" time="-1.617857792688E9">
    <skipped/>
  </testcase> <!-- @BeforeMethod getInit -->
  <testcase classname="common.WebAPI" name="@AfterMethod afterEachTestMethod" time="-1.617857792688E9">
    <skipped/>
  </testcase> <!-- @AfterMethod afterEachTestMethod -->
  <testcase classname="common.WebAPI" name="@BeforeMethod setUp" time="-1.61785779269E9">
    <skipped/>
  </testcase> <!-- @BeforeMethod setUp -->
  <testcase classname="common.WebAPI" name="@BeforeMethod startExtent" time="-1.61785779269E9">
    <skipped/>
  </testcase> <!-- @BeforeMethod startExtent -->
  <testcase classname="homepagetest.HomePageTest" name="@BeforeMethod getInit" time="-1.61785779269E9">
    <skipped/>
  </testcase> <!-- @BeforeMethod getInit -->
  <testcase classname="common.WebAPI" name="@AfterMethod afterEachTestMethod" time="-1.617857792691E9">
    <skipped/>
  </testcase> <!-- @AfterMethod afterEachTestMethod -->
  <testcase classname="common.WebAPI" name="@BeforeMethod setUp" time="-1.617857792691E9">
    <skipped/>
  </testcase> <!-- @BeforeMethod setUp -->
  <testcase classname="common.WebAPI" name="@BeforeMethod startExtent" time="-1.617857792691E9">
    <skipped/>
  </testcase> <!-- @BeforeMethod startExtent -->
  <testcase classname="homepagetest.HomePageTest" name="@BeforeMethod getInit" time="-1.617857792692E9">
    <skipped/>
  </testcase> <!-- @BeforeMethod getInit -->
  <testcase classname="common.WebAPI" name="@AfterMethod afterEachTestMethod" time="-1.617857792692E9">
    <skipped/>
  </testcase> <!-- @AfterMethod afterEachTestMethod -->
  <testcase classname="common.WebAPI" name="@BeforeMethod setUp" time="-1.617857792693E9">
    <skipped/>
  </testcase> <!-- @BeforeMethod setUp -->
  <testcase classname="common.WebAPI" name="@BeforeMethod startExtent" time="-1.617857792693E9">
    <skipped/>
  </testcase> <!-- @BeforeMethod startExtent -->
  <testcase classname="homepagetest.HomePageTest" name="@BeforeMethod getInit" time="-1.617857792693E9">
    <skipped/>
  </testcase> <!-- @BeforeMethod getInit -->
  <testcase classname="common.WebAPI" name="@AfterMethod afterEachTestMethod" time="-1.617857792694E9">
    <skipped/>
  </testcase> <!-- @AfterMethod afterEachTestMethod -->
  <testcase classname="common.WebAPI" name="@BeforeMethod setUp" time="-1.617857792695E9">
    <skipped/>
  </testcase> <!-- @BeforeMethod setUp -->
  <testcase classname="common.WebAPI" name="@BeforeMethod startExtent" time="-1.617857792695E9">
    <skipped/>
  </testcase> <!-- @BeforeMethod startExtent -->
  <testcase classname="homepagetest.HomePageTest" name="@BeforeMethod getInit" time="-1.617857792695E9">
    <skipped/>
  </testcase> <!-- @BeforeMethod getInit -->
  <testcase classname="common.WebAPI" name="@AfterMethod afterEachTestMethod" time="-1.617857792695E9">
    <skipped/>
  </testcase> <!-- @AfterMethod afterEachTestMethod -->
  <testcase classname="common.WebAPI" name="@BeforeMethod setUp" time="-1.617857792696E9">
    <skipped/>
  </testcase> <!-- @BeforeMethod setUp -->
  <testcase classname="common.WebAPI" name="@BeforeMethod startExtent" time="-1.617857792696E9">
    <skipped/>
  </testcase> <!-- @BeforeMethod startExtent -->
  <testcase classname="homepagetest.HomePageTest" name="@BeforeMethod getInit" time="-1.617857792696E9">
    <skipped/>
  </testcase> <!-- @BeforeMethod getInit -->
  <testcase classname="common.WebAPI" name="@AfterMethod afterEachTestMethod" time="-1.617857792697E9">
    <skipped/>
  </testcase> <!-- @AfterMethod afterEachTestMethod -->
  <testcase classname="common.WebAPI" name="@BeforeMethod setUp" time="-1.617857792698E9">
    <skipped/>
  </testcase> <!-- @BeforeMethod setUp -->
  <testcase classname="common.WebAPI" name="@BeforeMethod startExtent" time="-1.617857792698E9">
    <skipped/>
  </testcase> <!-- @BeforeMethod startExtent -->
  <testcase classname="homepagetest.HomePageTest" name="@BeforeMethod getInit" time="-1.617857792699E9">
    <skipped/>
  </testcase> <!-- @BeforeMethod getInit -->
  <testcase classname="common.WebAPI" name="@AfterMethod afterEachTestMethod" time="-1.617857792699E9">
    <skipped/>
  </testcase> <!-- @AfterMethod afterEachTestMethod -->
  <testcase classname="common.WebAPI" name="@BeforeMethod setUp" time="-1.617857792699E9">
    <skipped/>
  </testcase> <!-- @BeforeMethod setUp -->
  <testcase classname="common.WebAPI" name="@BeforeMethod startExtent" time="-1.6178577927E9">
    <skipped/>
  </testcase> <!-- @BeforeMethod startExtent -->
  <testcase classname="homepagetest.HomePageTest" name="@BeforeMethod getInit" time="-1.6178577927E9">
    <skipped/>
  </testcase> <!-- @BeforeMethod getInit -->
  <testcase classname="common.WebAPI" name="@AfterMethod afterEachTestMethod" time="-1.6178577927E9">
    <skipped/>
  </testcase> <!-- @AfterMethod afterEachTestMethod -->
  <testcase classname="common.WebAPI" name="@BeforeMethod setUp" time="-1.617857792701E9">
    <skipped/>
  </testcase> <!-- @BeforeMethod setUp -->
  <testcase classname="common.WebAPI" name="@BeforeMethod startExtent" time="-1.617857792701E9">
    <skipped/>
  </testcase> <!-- @BeforeMethod startExtent -->
  <testcase classname="homepagetest.HomePageTest" name="@BeforeMethod getInit" time="-1.617857792701E9">
    <skipped/>
  </testcase> <!-- @BeforeMethod getInit -->
  <testcase classname="common.WebAPI" name="@AfterMethod afterEachTestMethod" time="-1.617857792701E9">
    <skipped/>
  </testcase> <!-- @AfterMethod afterEachTestMethod -->
  <testcase classname="homepagetest.HomePageTest" name="testAppliancesLink" time="4.572">
    <failure type="org.openqa.selenium.NoSuchWindowException" message="no such window: target window already closed
from unknown error: web view not found
  (Session info: chrome=89.0.4389.114)
Build info: version: &amp;apos;3.141.59&amp;apos;, revision: &amp;apos;e82be7d358&amp;apos;, time: &amp;apos;2018-11-14T08:17:03&amp;apos;
System info: host: &amp;apos;DESKTOP-BQP1HFR&amp;apos;, ip: &amp;apos;192.168.190.1&amp;apos;, os.name: &amp;apos;Windows 10&amp;apos;, os.arch: &amp;apos;amd64&amp;apos;, os.version: &amp;apos;10.0&amp;apos;, java.version: &amp;apos;11.0.9&amp;apos;
Driver info: org.openqa.selenium.chrome.ChromeDriver
Capabilities {acceptInsecureCerts: false, browserName: chrome, browserVersion: 89.0.4389.114, chrome: {chromedriverVersion: 89.0.4389.23 (61b08ee2c5002..., userDataDir: C:\Users\farha\AppData\Loca...}, goog:chromeOptions: {debuggerAddress: localhost:65400}, javascriptEnabled: true, networkConnectionEnabled: false, pageLoadStrategy: normal, platform: WINDOWS, platformName: WINDOWS, proxy: Proxy(), setWindowRect: true, strictFileInteractability: false, timeouts: {implicit: 0, pageLoad: 300000, script: 30000}, unhandledPromptBehavior: dismiss and notify, webauthn:extension:largeBlob: true, webauthn:virtualAuthenticators: true}
Session ID: f732f5b3b265705af1bf73a4e9fbfb03
*** Element info: {Using=xpath, value=//*[@id=&amp;quot;nav-xshop&amp;quot;]/a[1]}">
      <![CDATA[org.openqa.selenium.NoSuchWindowException: no such window: target window already closed
from unknown error: web view not found
  (Session info: chrome=89.0.4389.114)
Build info: version: '3.141.59', revision: 'e82be7d358', time: '2018-11-14T08:17:03'
System info: host: 'DESKTOP-BQP1HFR', ip: '192.168.190.1', os.name: 'Windows 10', os.arch: 'amd64', os.version: '10.0', java.version: '11.0.9'
Driver info: org.openqa.selenium.chrome.ChromeDriver
Capabilities {acceptInsecureCerts: false, browserName: chrome, browserVersion: 89.0.4389.114, chrome: {chromedriverVersion: 89.0.4389.23 (61b08ee2c5002..., userDataDir: C:\Users\farha\AppData\Loca...}, goog:chromeOptions: {debuggerAddress: localhost:65400}, javascriptEnabled: true, networkConnectionEnabled: false, pageLoadStrategy: normal, platform: WINDOWS, platformName: WINDOWS, proxy: Proxy(), setWindowRect: true, strictFileInteractability: false, timeouts: {implicit: 0, pageLoad: 300000, script: 30000}, unhandledPromptBehavior: dismiss and notify, webauthn:extension:largeBlob: true, webauthn:virtualAuthenticators: true}
Session ID: f732f5b3b265705af1bf73a4e9fbfb03
*** Element info: {Using=xpath, value=//*[@id="nav-xshop"]/a[1]}
at org.openqa.selenium.remote.http.W3CHttpResponseCodec.createException(W3CHttpResponseCodec.java:187)
at org.openqa.selenium.remote.http.W3CHttpResponseCodec.decode(W3CHttpResponseCodec.java:122)
at org.openqa.selenium.remote.http.W3CHttpResponseCodec.decode(W3CHttpResponseCodec.java:49)
at org.openqa.selenium.remote.HttpCommandExecutor.execute(HttpCommandExecutor.java:158)
at org.openqa.selenium.remote.service.DriverCommandExecutor.execute(DriverCommandExecutor.java:83)
at org.openqa.selenium.remote.RemoteWebDriver.execute(RemoteWebDriver.java:552)
at org.openqa.selenium.remote.RemoteWebDriver.findElement(RemoteWebDriver.java:323)
at org.openqa.selenium.remote.RemoteWebDriver.findElementByXPath(RemoteWebDriver.java:428)
at org.openqa.selenium.By$ByXPath.findElement(By.java:353)
at org.openqa.selenium.remote.RemoteWebDriver.findElement(RemoteWebDriver.java:315)
at common.WebAPI.clickOnElement(WebAPI.java:229)
at homepage.HomePage.checkBestSellers(HomePage.java:85)
at homepage.HomePage.checkAppliancesLink(HomePage.java:102)
at homepagetest.HomePageTest.testAppliancesLink(HomePageTest.java:93)
at java.base/java.util.ArrayList.forEach(ArrayList.java:1541)
... Removed 35 stack frames]]>
    </failure>
  </testcase> <!-- testAppliancesLink -->
  <testcase classname="homepagetest.HomePageTest" name="testAutomotiveLink" time="0.0">
    <skipped/>
  </testcase> <!-- testAutomotiveLink -->
  <testcase classname="homepagetest.HomePageTest" name="testAutomotiveLinks" time="0.0">
    <skipped/>
  </testcase> <!-- testAutomotiveLinks -->
  <testcase classname="homepagetest.HomePageTest" name="testAutomotivePartsLink" time="0.0">
    <skipped/>
  </testcase> <!-- testAutomotivePartsLink -->
  <testcase classname="homepagetest.HomePageTest" name="testBeautyAndPersonalCare" time="0.0">
    <skipped/>
  </testcase> <!-- testBeautyAndPersonalCare -->
  <testcase classname="homepagetest.HomePageTest" name="testBestSellers" time="0.0">
    <skipped/>
  </testcase> <!-- testBestSellers -->
  <testcase classname="homepagetest.HomePageTest" name="testCameraAndPhoto" time="0.0">
    <skipped/>
  </testcase> <!-- testCameraAndPhoto -->
  <testcase classname="homepagetest.HomePageTest" name="testDSLRCamera" time="0.0">
    <skipped/>
  </testcase> <!-- testDSLRCamera -->
  <testcase classname="homepagetest.HomePageTest" name="testDSLRCameras" time="0.0">
    <skipped/>
  </testcase> <!-- testDSLRCameras -->
  <testcase classname="homepagetest.HomePageTest" name="testDigitalMegazines" time="0.0">
    <skipped/>
  </testcase> <!-- testDigitalMegazines -->
  <testcase classname="homepagetest.HomePageTest" name="testExcelRead" time="0.0">
    <skipped/>
  </testcase> <!-- testExcelRead -->
  <testcase classname="homepagetest.HomePageTest" name="testFaceMakeupLink" time="0.0">
    <skipped/>
  </testcase> <!-- testFaceMakeupLink -->
  <testcase classname="homepagetest.HomePageTest" name="testFragranceLink" time="0.0">
    <skipped/>
  </testcase> <!-- testFragranceLink -->
  <testcase classname="homepagetest.HomePageTest" name="testGiftSetLink" time="0.0">
    <skipped/>
  </testcase> <!-- testGiftSetLink -->
  <testcase classname="homepagetest.HomePageTest" name="testKindleBooks" time="0.0">
    <skipped/>
  </testcase> <!-- testKindleBooks -->
  <testcase classname="homepagetest.HomePageTest" name="testKindleBooksUnder$2Deal" time="0.0">
    <skipped/>
  </testcase> <!-- testKindleBooksUnder$2Deal -->
  <testcase classname="homepagetest.HomePageTest" name="testKindleBooksUnder$2Deals" time="0.0">
    <skipped/>
  </testcase> <!-- testKindleBooksUnder$2Deals -->
  <testcase classname="homepagetest.HomePageTest" name="testKindleDailyDeals" time="0.0">
    <skipped/>
  </testcase> <!-- testKindleDailyDeals -->
  <testcase classname="homepagetest.HomePageTest" name="testKindleEBooks" time="0.0">
    <skipped/>
  </testcase> <!-- testKindleEBooks -->
  <testcase classname="homepagetest.HomePageTest" name="testKindleExclusiveDeals" time="0.0">
    <skipped/>
  </testcase> <!-- testKindleExclusiveDeals -->
  <testcase classname="homepagetest.HomePageTest" name="testKindleMonthlyDeals" time="0.0">
    <skipped/>
  </testcase> <!-- testKindleMonthlyDeals -->
  <testcase classname="homepagetest.HomePageTest" name="testLanguages" time="0.0">
    <skipped/>
  </testcase> <!-- testLanguages -->
  <testcase classname="homepagetest.HomePageTest" name="testMakeupLink" time="0.0">
    <skipped/>
  </testcase> <!-- testMakeupLink -->
  <testcase classname="homepagetest.HomePageTest" name="testRadioButton" time="0.0">
    <skipped/>
  </testcase> <!-- testRadioButton -->
  <testcase classname="homepagetest.HomePageTest" name="testRefreshPage" time="0.0">
    <skipped/>
  </testcase> <!-- testRefreshPage -->
  <testcase classname="homepagetest.HomePageTest" name="testSearchBox" time="0.0">
    <skipped/>
  </testcase> <!-- testSearchBox -->
  <testcase classname="homepagetest.HomePageTest" name="testSearchBox1" time="0.0">
    <skipped/>
  </testcase> <!-- testSearchBox1 -->
  <testcase classname="homepagetest.HomePageTest" name="testYourGarageLink" time="0.0">
    <skipped/>
  </testcase> <!-- testYourGarageLink -->
  <testcase classname="homepagetest.HomePageTest" name="textMakeupSetsLink" time="0.0">
    <skipped/>
  </testcase> <!-- textMakeupSetsLink -->
  <testcase classname="homepagetest.HomePageTest" name="textSkinCareLink" time="0.0">
    <skipped/>
  </testcase> <!-- textSkinCareLink -->
  <testcase classname="homepagetest.HomePageTest" name="textSkinCareLink1" time="0.0">
    <skipped/>
  </testcase> <!-- textSkinCareLink1 -->
</testsuite> <!-- Amazon Automation Test Script Chrome -->
